# JRE version: Java(TM) SE Runtime Environment (20.0.2+9) (build 20.0.2+9-78)
# Java VM: Java HotSpot(TM) 64-Bit Server VM (20.0.2+9-78, mixed mode, sharing, tiered, compressed oops, compressed class ptrs, g1 gc, windows-amd64)
GC Precious Log:
 CardTable entry size: 512
 Card Set container configuration: InlinePtr #cards 5 size 8 Array Of Cards #cards 12 size 40 Howl #buckets 4 coarsen threshold 1843 Howl Bitmap #cards 512 size 80 coarsen threshold 460 Card regions per heap region 1 cards per card region 2048
 CPUs: 16 total, 16 available
 Memory: 7896M
 Large Page Support: Disabled
 NUMA Support: Disabled
 Compressed Oops: Enabled (32-bit)
 Heap Region Size: 1M
 Heap Min Capacity: 8M
 Heap Initial Capacity: 124M
 Heap Max Capacity: 2G
 Pre-touch: Disabled
 Parallel Workers: 13
 Concurrent Workers: 3
 Concurrent Refinement Workers: 13
 Periodic GC: Disabled
Heap:
 garbage-first heap   total 177152K, used 123017K [0x0000000080000000, 0x0000000100000000)
  region size 1024K, 2 young (2048K), 2 survivors (2048K)
 Metaspace       used 105732K, committed 107968K, reserved 1179648K
  class space    used 14312K, committed 15424K, reserved 1048576K
GC Heap History (20 events):
Event: 80.238 GC heap after
{Heap after GC invocations=28 (full 0):
 garbage-first heap   total 155648K, used 82058K [0x0000000080000000, 0x0000000100000000)
  region size 1024K, 3 young (3072K), 3 survivors (3072K)
 Metaspace       used 76028K, committed 78144K, reserved 1179648K
  class space    used 10318K, committed 11392K, reserved 1048576K
}
Event: 81.409 GC heap before
{Heap before GC invocations=28 (full 0):
 garbage-first heap   total 155648K, used 134282K [0x0000000080000000, 0x0000000100000000)
  region size 1024K, 54 young (55296K), 3 survivors (3072K)
 Metaspace       used 80580K, committed 82688K, reserved 1179648K
  class space    used 10913K, committed 11968K, reserved 1048576K
}
Event: 81.415 GC heap after
{Heap after GC invocations=29 (full 0):
 garbage-first heap   total 155648K, used 83982K [0x0000000080000000, 0x0000000100000000)
  region size 1024K, 5 young (5120K), 5 survivors (5120K)
 Metaspace       used 80580K, committed 82688K, reserved 1179648K
  class space    used 10913K, committed 11968K, reserved 1048576K
}
Event: 82.444 GC heap before
{Heap before GC invocations=30 (full 0):
 garbage-first heap   total 155648K, used 144398K [0x0000000080000000, 0x0000000100000000)
  region size 1024K, 56 young (57344K), 5 survivors (5120K)
 Metaspace       used 84245K, committed 86528K, reserved 1179648K
  class space    used 11408K, committed 12544K, reserved 1048576K
}
Event: 82.453 GC heap after
{Heap after GC invocations=31 (full 0):
 garbage-first heap   total 155648K, used 94596K [0x0000000080000000, 0x0000000100000000)
  region size 1024K, 6 young (6144K), 6 survivors (6144K)
 Metaspace       used 84245K, committed 86528K, reserved 1179648K
  class space    used 11408K, committed 12544K, reserved 1048576K
}
Event: 83.236 GC heap before
{Heap before GC invocations=31 (full 0):
 garbage-first heap   total 155648K, used 139652K [0x0000000080000000, 0x0000000100000000)
  region size 1024K, 50 young (51200K), 6 survivors (6144K)
 Metaspace       used 90006K, committed 92224K, reserved 1179648K
  class space    used 12471K, committed 13568K, reserved 1048576K
}
Event: 83.243 GC heap after
{Heap after GC invocations=32 (full 0):
 garbage-first heap   total 155648K, used 87671K [0x0000000080000000, 0x0000000100000000)
  region size 1024K, 5 young (5120K), 5 survivors (5120K)
 Metaspace       used 90006K, committed 92224K, reserved 1179648K
  class space    used 12471K, committed 13568K, reserved 1048576K
}
Event: 83.624 GC heap before
{Heap before GC invocations=32 (full 0):
 garbage-first heap   total 155648K, used 139895K [0x0000000080000000, 0x0000000100000000)
  region size 1024K, 56 young (57344K), 5 survivors (5120K)
 Metaspace       used 90475K, committed 92736K, reserved 1179648K
  class space    used 12505K, committed 13632K, reserved 1048576K
}
Event: 83.628 GC heap after
{Heap after GC invocations=33 (full 0):
 garbage-first heap   total 155648K, used 89216K [0x0000000080000000, 0x0000000100000000)
  region size 1024K, 3 young (3072K), 3 survivors (3072K)
 Metaspace       used 90475K, committed 92736K, reserved 1179648K
  class space    used 12505K, committed 13632K, reserved 1048576K
}
Event: 85.208 GC heap before
{Heap before GC invocations=34 (full 0):
 garbage-first heap   total 160768K, used 141440K [0x0000000080000000, 0x0000000100000000)
  region size 1024K, 55 young (56320K), 3 survivors (3072K)
 Metaspace       used 91028K, committed 93312K, reserved 1179648K
  class space    used 12560K, committed 13696K, reserved 1048576K
}
Event: 85.212 GC heap after
{Heap after GC invocations=35 (full 0):
 garbage-first heap   total 160768K, used 90614K [0x0000000080000000, 0x0000000100000000)
  region size 1024K, 5 young (5120K), 5 survivors (5120K)
 Metaspace       used 91028K, committed 93312K, reserved 1179648K
  class space    used 12560K, committed 13696K, reserved 1048576K
}
Event: 86.300 GC heap before
{Heap before GC invocations=35 (full 0):
 garbage-first heap   total 160768K, used 144886K [0x0000000080000000, 0x0000000100000000)
  region size 1024K, 58 young (59392K), 5 survivors (5120K)
 Metaspace       used 97824K, committed 100096K, reserved 1179648K
  class space    used 13374K, committed 14528K, reserved 1048576K
}
Event: 86.307 GC heap after
{Heap after GC invocations=36 (full 0):
 garbage-first heap   total 160768K, used 91757K [0x0000000080000000, 0x0000000100000000)
  region size 1024K, 7 young (7168K), 7 survivors (7168K)
 Metaspace       used 97824K, committed 100096K, reserved 1179648K
  class space    used 13374K, committed 14528K, reserved 1048576K
}
Event: 86.943 GC heap before
{Heap before GC invocations=36 (full 0):
 garbage-first heap   total 160768K, used 126573K [0x0000000080000000, 0x0000000100000000)
  region size 1024K, 42 young (43008K), 7 survivors (7168K)
 Metaspace       used 102289K, committed 104576K, reserved 1179648K
  class space    used 13925K, committed 15040K, reserved 1048576K
}
Event: 86.950 GC heap after
{Heap after GC invocations=37 (full 0):
 garbage-first heap   total 160768K, used 92545K [0x0000000080000000, 0x0000000100000000)
  region size 1024K, 3 young (3072K), 3 survivors (3072K)
 Metaspace       used 102289K, committed 104576K, reserved 1179648K
  class space    used 13925K, committed 15040K, reserved 1048576K
}
Event: 87.520 GC heap before
{Heap before GC invocations=38 (full 0):
 garbage-first heap   total 171008K, used 156033K [0x0000000080000000, 0x0000000100000000)
  region size 1024K, 57 young (58368K), 3 survivors (3072K)
 Metaspace       used 102678K, committed 104960K, reserved 1179648K
  class space    used 13937K, committed 15040K, reserved 1048576K
}
Event: 87.546 GC heap after
{Heap after GC invocations=39 (full 0):
 garbage-first heap   total 177152K, used 110687K [0x0000000080000000, 0x0000000100000000)
  region size 1024K, 8 young (8192K), 8 survivors (8192K)
 Metaspace       used 102678K, committed 104960K, reserved 1179648K
  class space    used 13937K, committed 15040K, reserved 1048576K
}
Event: 88.093 GC heap before
{Heap before GC invocations=39 (full 0):
 garbage-first heap   total 177152K, used 155743K [0x0000000080000000, 0x0000000100000000)
  region size 1024K, 52 young (53248K), 8 survivors (8192K)
 Metaspace       used 104449K, committed 106688K, reserved 1179648K
  class space    used 14167K, committed 15296K, reserved 1048576K
}
Event: 88.112 GC heap after
{Heap after GC invocations=40 (full 0):
 garbage-first heap   total 177152K, used 120651K [0x0000000080000000, 0x0000000100000000)
  region size 1024K, 7 young (7168K), 7 survivors (7168K)
 Metaspace       used 104449K, committed 106688K, reserved 1179648K
  class space    used 14167K, committed 15296K, reserved 1048576K
}
Event: 88.386 GC heap before
{Heap before GC invocations=40 (full 0):
 garbage-first heap   total 177152K, used 130891K [0x0000000080000000, 0x0000000100000000)
  region size 1024K, 18 young (18432K), 7 survivors (7168K)
 Metaspace       used 105732K, committed 107968K, reserved 1179648K
  class space    used 14312K, committed 15424K, reserved 1048576K
}

