# JRE version: OpenJDK Runtime Environment Temurin-21.0.8+9 (21.0.8+9) (build 21.0.8+9-LTS)
# Java VM: OpenJDK 64-Bit Server VM Temurin-21.0.8+9 (21.0.8+9-LTS, mixed mode, sharing, tiered, compressed oops, compressed class ptrs, parallel gc, windows-amd64)
GC Precious Log:
 CardTable entry size: 512
 CPUs: 16 total, 16 available
 Memory: 7896M
 Large Page Support: Disabled
 NUMA Support: Disabled
 Compressed Oops: Enabled (32-bit)
 Alignments: Space 512K, Generation 512K, Heap 2M
 Heap Min Capacity: 100M
 Heap Initial Capacity: 100M
 Heap Max Capacity: 2G
 Pre-touch: Disabled
 Parallel Workers: 13
Heap:
 PSYoungGen      total 22016K, used 4648K [0x00000000d5580000, 0x00000000d6c80000, 0x0000000100000000)
  eden space 21504K, 20% used [0x00000000d5580000,0x00000000d59da160,0x00000000d6a80000)
  from space 512K, 37% used [0x00000000d6b80000,0x00000000d6bb0000,0x00000000d6c00000)
  to   space 512K, 0% used [0x00000000d6c00000,0x00000000d6c00000,0x00000000d6c80000)
 ParOldGen       total 68608K, used 66903K [0x0000000080000000, 0x0000000084300000, 0x00000000d5580000)
  object space 68608K, 97% used [0x0000000080000000,0x0000000084155c00,0x0000000084300000)
 Metaspace       used 75970K, committed 77568K, reserved 1179648K
  class space    used 9348K, committed 10112K, reserved 1048576K
GC Heap History (20 events):
Event: 186.406 GC heap before
{Heap before GC invocations=99 (full 3):
 PSYoungGen      total 22016K, used 21728K [0x00000000d5580000, 0x00000000d6c80000, 0x0000000100000000)
  eden space 21504K, 100% used [0x00000000d5580000,0x00000000d6a80000,0x00000000d6a80000)
  from space 512K, 43% used [0x00000000d6b80000,0x00000000d6bb8000,0x00000000d6c00000)
  to   space 512K, 0% used [0x00000000d6c00000,0x00000000d6c00000,0x00000000d6c80000)
 ParOldGen       total 68608K, used 64188K [0x0000000080000000, 0x0000000084300000, 0x00000000d5580000)
  object space 68608K, 93% used [0x0000000080000000,0x0000000083eaf1b0,0x0000000084300000)
 Metaspace       used 73767K, committed 75456K, reserved 1179648K
  class space    used 9131K, committed 9920K, reserved 1048576K
}
Event: 186.407 GC heap after
{Heap after GC invocations=99 (full 3):
 PSYoungGen      total 22016K, used 192K [0x00000000d5580000, 0x00000000d6c80000, 0x0000000100000000)
  eden space 21504K, 0% used [0x00000000d5580000,0x00000000d5580000,0x00000000d6a80000)
  from space 512K, 37% used [0x00000000d6c00000,0x00000000d6c30000,0x00000000d6c80000)
  to   space 512K, 0% used [0x00000000d6b80000,0x00000000d6b80000,0x00000000d6c00000)
 ParOldGen       total 68608K, used 64188K [0x0000000080000000, 0x0000000084300000, 0x00000000d5580000)
  object space 68608K, 93% used [0x0000000080000000,0x0000000083eaf1b0,0x0000000084300000)
 Metaspace       used 73767K, committed 75456K, reserved 1179648K
  class space    used 9131K, committed 9920K, reserved 1048576K
}
Event: 186.732 GC heap before
{Heap before GC invocations=100 (full 3):
 PSYoungGen      total 22016K, used 21696K [0x00000000d5580000, 0x00000000d6c80000, 0x0000000100000000)
  eden space 21504K, 100% used [0x00000000d5580000,0x00000000d6a80000,0x00000000d6a80000)
  from space 512K, 37% used [0x00000000d6c00000,0x00000000d6c30000,0x00000000d6c80000)
  to   space 512K, 0% used [0x00000000d6b80000,0x00000000d6b80000,0x00000000d6c00000)
 ParOldGen       total 68608K, used 64188K [0x0000000080000000, 0x0000000084300000, 0x00000000d5580000)
  object space 68608K, 93% used [0x0000000080000000,0x0000000083eaf1b0,0x0000000084300000)
 Metaspace       used 74060K, committed 75712K, reserved 1179648K
  class space    used 9160K, committed 9920K, reserved 1048576K
}
Event: 186.736 GC heap after
{Heap after GC invocations=100 (full 3):
 PSYoungGen      total 22016K, used 489K [0x00000000d5580000, 0x00000000d6e80000, 0x0000000100000000)
  eden space 21504K, 0% used [0x00000000d5580000,0x00000000d5580000,0x00000000d6a80000)
  from space 512K, 95% used [0x00000000d6b80000,0x00000000d6bfa480,0x00000000d6c00000)
  to   space 2048K, 0% used [0x00000000d6c80000,0x00000000d6c80000,0x00000000d6e80000)
 ParOldGen       total 68608K, used 65278K [0x0000000080000000, 0x0000000084300000, 0x00000000d5580000)
  object space 68608K, 95% used [0x0000000080000000,0x0000000083fbfb40,0x0000000084300000)
 Metaspace       used 74060K, committed 75712K, reserved 1179648K
  class space    used 9160K, committed 9920K, reserved 1048576K
}
Event: 187.054 GC heap before
{Heap before GC invocations=101 (full 3):
 PSYoungGen      total 22016K, used 21993K [0x00000000d5580000, 0x00000000d6e80000, 0x0000000100000000)
  eden space 21504K, 100% used [0x00000000d5580000,0x00000000d6a80000,0x00000000d6a80000)
  from space 512K, 95% used [0x00000000d6b80000,0x00000000d6bfa480,0x00000000d6c00000)
  to   space 2048K, 0% used [0x00000000d6c80000,0x00000000d6c80000,0x00000000d6e80000)
 ParOldGen       total 68608K, used 65278K [0x0000000080000000, 0x0000000084300000, 0x00000000d5580000)
  object space 68608K, 95% used [0x0000000080000000,0x0000000083fbfb40,0x0000000084300000)
 Metaspace       used 74948K, committed 76544K, reserved 1179648K
  class space    used 9224K, committed 9984K, reserved 1048576K
}
Event: 187.056 GC heap after
{Heap after GC invocations=101 (full 3):
 PSYoungGen      total 22528K, used 576K [0x00000000d5580000, 0x00000000d6d80000, 0x0000000100000000)
  eden space 21504K, 0% used [0x00000000d5580000,0x00000000d5580000,0x00000000d6a80000)
  from space 1024K, 56% used [0x00000000d6c80000,0x00000000d6d10000,0x00000000d6d80000)
  to   space 1024K, 0% used [0x00000000d6b80000,0x00000000d6b80000,0x00000000d6c80000)
 ParOldGen       total 68608K, used 65718K [0x0000000080000000, 0x0000000084300000, 0x00000000d5580000)
  object space 68608K, 95% used [0x0000000080000000,0x000000008402d998,0x0000000084300000)
 Metaspace       used 74948K, committed 76544K, reserved 1179648K
  class space    used 9224K, committed 9984K, reserved 1048576K
}
Event: 187.135 GC heap before
{Heap before GC invocations=102 (full 3):
 PSYoungGen      total 22528K, used 22080K [0x00000000d5580000, 0x00000000d6d80000, 0x0000000100000000)
  eden space 21504K, 100% used [0x00000000d5580000,0x00000000d6a80000,0x00000000d6a80000)
  from space 1024K, 56% used [0x00000000d6c80000,0x00000000d6d10000,0x00000000d6d80000)
  to   space 1024K, 0% used [0x00000000d6b80000,0x00000000d6b80000,0x00000000d6c80000)
 ParOldGen       total 68608K, used 65718K [0x0000000080000000, 0x0000000084300000, 0x00000000d5580000)
  object space 68608K, 95% used [0x0000000080000000,0x000000008402d998,0x0000000084300000)
 Metaspace       used 75335K, committed 76992K, reserved 1179648K
  class space    used 9280K, committed 10048K, reserved 1048576K
}
Event: 187.137 GC heap after
{Heap after GC invocations=102 (full 3):
 PSYoungGen      total 22016K, used 488K [0x00000000d5580000, 0x00000000d6d00000, 0x0000000100000000)
  eden space 21504K, 0% used [0x00000000d5580000,0x00000000d5580000,0x00000000d6a80000)
  from space 512K, 95% used [0x00000000d6b80000,0x00000000d6bfa290,0x00000000d6c00000)
  to   space 1024K, 0% used [0x00000000d6c00000,0x00000000d6c00000,0x00000000d6d00000)
 ParOldGen       total 68608K, used 66119K [0x0000000080000000, 0x0000000084300000, 0x00000000d5580000)
  object space 68608K, 96% used [0x0000000080000000,0x0000000084091c98,0x0000000084300000)
 Metaspace       used 75335K, committed 76992K, reserved 1179648K
  class space    used 9280K, committed 10048K, reserved 1048576K
}
Event: 187.369 GC heap before
{Heap before GC invocations=103 (full 3):
 PSYoungGen      total 22016K, used 21992K [0x00000000d5580000, 0x00000000d6d00000, 0x0000000100000000)
  eden space 21504K, 100% used [0x00000000d5580000,0x00000000d6a80000,0x00000000d6a80000)
  from space 512K, 95% used [0x00000000d6b80000,0x00000000d6bfa290,0x00000000d6c00000)
  to   space 1024K, 0% used [0x00000000d6c00000,0x00000000d6c00000,0x00000000d6d00000)
 ParOldGen       total 68608K, used 66119K [0x0000000080000000, 0x0000000084300000, 0x00000000d5580000)
  object space 68608K, 96% used [0x0000000080000000,0x0000000084091c98,0x0000000084300000)
 Metaspace       used 75944K, committed 77568K, reserved 1179648K
  class space    used 9348K, committed 10112K, reserved 1048576K
}
Event: 187.371 GC heap after
{Heap after GC invocations=103 (full 3):
 PSYoungGen      total 22528K, used 664K [0x00000000d5580000, 0x00000000d6d00000, 0x0000000100000000)
  eden space 21504K, 0% used [0x00000000d5580000,0x00000000d5580000,0x00000000d6a80000)
  from space 1024K, 64% used [0x00000000d6c00000,0x00000000d6ca60b0,0x00000000d6d00000)
  to   space 1024K, 0% used [0x00000000d6b00000,0x00000000d6b00000,0x00000000d6c00000)
 ParOldGen       total 68608K, used 66175K [0x0000000080000000, 0x0000000084300000, 0x00000000d5580000)
  object space 68608K, 96% used [0x0000000080000000,0x000000008409fc98,0x0000000084300000)
 Metaspace       used 75944K, committed 77568K, reserved 1179648K
  class space    used 9348K, committed 10112K, reserved 1048576K
}
Event: 191.559 GC heap before
{Heap before GC invocations=104 (full 3):
 PSYoungGen      total 22528K, used 22168K [0x00000000d5580000, 0x00000000d6d00000, 0x0000000100000000)
  eden space 21504K, 100% used [0x00000000d5580000,0x00000000d6a80000,0x00000000d6a80000)
  from space 1024K, 64% used [0x00000000d6c00000,0x00000000d6ca60b0,0x00000000d6d00000)
  to   space 1024K, 0% used [0x00000000d6b00000,0x00000000d6b00000,0x00000000d6c00000)
 ParOldGen       total 68608K, used 66175K [0x0000000080000000, 0x0000000084300000, 0x00000000d5580000)
  object space 68608K, 96% used [0x0000000080000000,0x000000008409fc98,0x0000000084300000)
 Metaspace       used 75958K, committed 77568K, reserved 1179648K
  class space    used 9348K, committed 10112K, reserved 1048576K
}
Event: 191.560 GC heap after
{Heap after GC invocations=104 (full 3):
 PSYoungGen      total 22528K, used 352K [0x00000000d5580000, 0x00000000d6c80000, 0x0000000100000000)
  eden space 21504K, 0% used [0x00000000d5580000,0x00000000d5580000,0x00000000d6a80000)
  from space 1024K, 34% used [0x00000000d6b00000,0x00000000d6b58000,0x00000000d6c00000)
  to   space 512K, 0% used [0x00000000d6c00000,0x00000000d6c00000,0x00000000d6c80000)
 ParOldGen       total 68608K, used 66614K [0x0000000080000000, 0x0000000084300000, 0x00000000d5580000)
  object space 68608K, 97% used [0x0000000080000000,0x000000008410dbe0,0x0000000084300000)
 Metaspace       used 75958K, committed 77568K, reserved 1179648K
  class space    used 9348K, committed 10112K, reserved 1048576K
}
Event: 191.712 GC heap before
{Heap before GC invocations=105 (full 3):
 PSYoungGen      total 22528K, used 21856K [0x00000000d5580000, 0x00000000d6c80000, 0x0000000100000000)
  eden space 21504K, 100% used [0x00000000d5580000,0x00000000d6a80000,0x00000000d6a80000)
  from space 1024K, 34% used [0x00000000d6b00000,0x00000000d6b58000,0x00000000d6c00000)
  to   space 512K, 0% used [0x00000000d6c00000,0x00000000d6c00000,0x00000000d6c80000)
 ParOldGen       total 68608K, used 66614K [0x0000000080000000, 0x0000000084300000, 0x00000000d5580000)
  object space 68608K, 97% used [0x0000000080000000,0x000000008410dbe0,0x0000000084300000)
 Metaspace       used 75958K, committed 77568K, reserved 1179648K
  class space    used 9348K, committed 10112K, reserved 1048576K
}
Event: 191.713 GC heap after
{Heap after GC invocations=105 (full 3):
 PSYoungGen      total 22016K, used 96K [0x00000000d5580000, 0x00000000d6c80000, 0x0000000100000000)
  eden space 21504K, 0% used [0x00000000d5580000,0x00000000d5580000,0x00000000d6a80000)
  from space 512K, 18% used [0x00000000d6c00000,0x00000000d6c18000,0x00000000d6c80000)
  to   space 512K, 0% used [0x00000000d6b80000,0x00000000d6b80000,0x00000000d6c00000)
 ParOldGen       total 68608K, used 66799K [0x0000000080000000, 0x0000000084300000, 0x00000000d5580000)
  object space 68608K, 97% used [0x0000000080000000,0x000000008413bc00,0x0000000084300000)
 Metaspace       used 75958K, committed 77568K, reserved 1179648K
  class space    used 9348K, committed 10112K, reserved 1048576K
}
Event: 195.061 GC heap before
{Heap before GC invocations=106 (full 3):
 PSYoungGen      total 22016K, used 21600K [0x00000000d5580000, 0x00000000d6c80000, 0x0000000100000000)
  eden space 21504K, 100% used [0x00000000d5580000,0x00000000d6a80000,0x00000000d6a80000)
  from space 512K, 18% used [0x00000000d6c00000,0x00000000d6c18000,0x00000000d6c80000)
  to   space 512K, 0% used [0x00000000d6b80000,0x00000000d6b80000,0x00000000d6c00000)
 ParOldGen       total 68608K, used 66799K [0x0000000080000000, 0x0000000084300000, 0x00000000d5580000)
  object space 68608K, 97% used [0x0000000080000000,0x000000008413bc00,0x0000000084300000)
 Metaspace       used 75970K, committed 77568K, reserved 1179648K
  class space    used 9348K, committed 10112K, reserved 1048576K
}
Event: 195.062 GC heap after
{Heap after GC invocations=106 (full 3):
 PSYoungGen      total 22016K, used 416K [0x00000000d5580000, 0x00000000d6c80000, 0x0000000100000000)
  eden space 21504K, 0% used [0x00000000d5580000,0x00000000d5580000,0x00000000d6a80000)
  from space 512K, 81% used [0x00000000d6b80000,0x00000000d6be8000,0x00000000d6c00000)
  to   space 512K, 0% used [0x00000000d6c00000,0x00000000d6c00000,0x00000000d6c80000)
 ParOldGen       total 68608K, used 66807K [0x0000000080000000, 0x0000000084300000, 0x00000000d5580000)
  object space 68608K, 97% used [0x0000000080000000,0x000000008413dc00,0x0000000084300000)
 Metaspace       used 75970K, committed 77568K, reserved 1179648K
  class space    used 9348K, committed 10112K, reserved 1048576K
}
Event: 195.345 GC heap before
{Heap before GC invocations=107 (full 3):
 PSYoungGen      total 22016K, used 21920K [0x00000000d5580000, 0x00000000d6c80000, 0x0000000100000000)
  eden space 21504K, 100% used [0x00000000d5580000,0x00000000d6a80000,0x00000000d6a80000)
  from space 512K, 81% used [0x00000000d6b80000,0x00000000d6be8000,0x00000000d6c00000)
  to   space 512K, 0% used [0x00000000d6c00000,0x00000000d6c00000,0x00000000d6c80000)
 ParOldGen       total 68608K, used 66807K [0x0000000080000000, 0x0000000084300000, 0x00000000d5580000)
  object space 68608K, 97% used [0x0000000080000000,0x000000008413dc00,0x0000000084300000)
 Metaspace       used 75970K, committed 77568K, reserved 1179648K
  class space    used 9348K, committed 10112K, reserved 1048576K
}
Event: 195.346 GC heap after
{Heap after GC invocations=107 (full 3):
 PSYoungGen      total 22016K, used 256K [0x00000000d5580000, 0x00000000d6c80000, 0x0000000100000000)
  eden space 21504K, 0% used [0x00000000d5580000,0x00000000d5580000,0x00000000d6a80000)
  from space 512K, 50% used [0x00000000d6c00000,0x00000000d6c40000,0x00000000d6c80000)
  to   space 512K, 0% used [0x00000000d6b80000,0x00000000d6b80000,0x00000000d6c00000)
 ParOldGen       total 68608K, used 66895K [0x0000000080000000, 0x0000000084300000, 0x00000000d5580000)
  object space 68608K, 97% used [0x0000000080000000,0x0000000084153c00,0x0000000084300000)
 Metaspace       used 75970K, committed 77568K, reserved 1179648K
  class space    used 9348K, committed 10112K, reserved 1048576K
}
Event: 199.051 GC heap before
{Heap before GC invocations=108 (full 3):
 PSYoungGen      total 22016K, used 21760K [0x00000000d5580000, 0x00000000d6c80000, 0x0000000100000000)
  eden space 21504K, 100% used [0x00000000d5580000,0x00000000d6a80000,0x00000000d6a80000)
  from space 512K, 50% used [0x00000000d6c00000,0x00000000d6c40000,0x00000000d6c80000)
  to   space 512K, 0% used [0x00000000d6b80000,0x00000000d6b80000,0x00000000d6c00000)
 ParOldGen       total 68608K, used 66895K [0x0000000080000000, 0x0000000084300000, 0x00000000d5580000)
  object space 68608K, 97% used [0x0000000080000000,0x0000000084153c00,0x0000000084300000)
 Metaspace       used 75970K, committed 77568K, reserved 1179648K
  class space    used 9348K, committed 10112K, reserved 1048576K
}
Event: 199.052 GC heap after
{Heap after GC invocations=108 (full 3):
 PSYoungGen      total 22016K, used 192K [0x00000000d5580000, 0x00000000d6c80000, 0x0000000100000000)
  eden space 21504K, 0% used [0x00000000d5580000,0x00000000d5580000,0x00000000d6a80000)
  from space 512K, 37% used [0x00000000d6b80000,0x00000000d6bb0000,0x00000000d6c00000)
  to   space 512K, 0% used [0x00000000d6c00000,0x00000000d6c00000,0x00000000d6c80000)
 ParOldGen       total 68608K, used 66903K [0x0000000080000000, 0x0000000084300000, 0x00000000d5580000)
  object space 68608K, 97% used [0x0000000080000000,0x0000000084155c00,0x0000000084300000)
 Metaspace       used 75970K, committed 77568K, reserved 1179648K
  class space    used 9348K, committed 10112K, reserved 1048576K
}

