# JRE version: OpenJDK Runtime Environment Temurin-21.0.8+9 (21.0.8+9) (build 21.0.8+9-LTS)
# Java VM: OpenJDK 64-Bit Server VM Temurin-21.0.8+9 (21.0.8+9-LTS, mixed mode, sharing, tiered, compressed oops, compressed class ptrs, parallel gc, windows-amd64)
GC Precious Log:
 CardTable entry size: 512
 CPUs: 16 total, 16 available
 Memory: 7896M
 Large Page Support: Disabled
 NUMA Support: Disabled
 Compressed Oops: Enabled (32-bit)
 Alignments: Space 512K, Generation 512K, Heap 2M
 Heap Min Capacity: 100M
 Heap Initial Capacity: 100M
 Heap Max Capacity: 2G
 Pre-touch: Disabled
 Parallel Workers: 13
Heap:
 PSYoungGen      total 20480K, used 4448K [0x00000000d5580000, 0x00000000d6a80000, 0x0000000100000000)
  eden space 19968K, 20% used [0x00000000d5580000,0x00000000d59902d8,0x00000000d6900000)
  from space 512K, 56% used [0x00000000d6980000,0x00000000d69c8000,0x00000000d6a00000)
  to   space 512K, 0% used [0x00000000d6a00000,0x00000000d6a00000,0x00000000d6a80000)
 ParOldGen       total 68608K, used 56335K [0x0000000080000000, 0x0000000084300000, 0x00000000d5580000)
  object space 68608K, 82% used [0x0000000080000000,0x0000000083703e48,0x0000000084300000)
 Metaspace       used 66002K, committed 67456K, reserved 1114112K
  class space    used 8214K, committed 8896K, reserved 1048576K
GC Heap History (20 events):
Event: 126.498 GC heap before
{Heap before GC invocations=61 (full 3):
 PSYoungGen      total 21504K, used 21068K [0x00000000d5580000, 0x00000000d6c00000, 0x0000000100000000)
  eden space 19968K, 100% used [0x00000000d5580000,0x00000000d6900000,0x00000000d6900000)
  from space 1536K, 71% used [0x00000000d6900000,0x00000000d6a13128,0x00000000d6a80000)
  to   space 1536K, 0% used [0x00000000d6a80000,0x00000000d6a80000,0x00000000d6c00000)
 ParOldGen       total 68608K, used 54265K [0x0000000080000000, 0x0000000084300000, 0x00000000d5580000)
  object space 68608K, 79% used [0x0000000080000000,0x00000000834fe7f8,0x0000000084300000)
 Metaspace       used 61764K, committed 63040K, reserved 1114112K
  class space    used 7629K, committed 8192K, reserved 1048576K
}
Event: 126.498 GC heap after
{Heap after GC invocations=61 (full 3):
 PSYoungGen      total 20480K, used 277K [0x00000000d5580000, 0x00000000d6b00000, 0x0000000100000000)
  eden space 19968K, 0% used [0x00000000d5580000,0x00000000d5580000,0x00000000d6900000)
  from space 512K, 54% used [0x00000000d6a80000,0x00000000d6ac54b8,0x00000000d6b00000)
  to   space 1024K, 0% used [0x00000000d6900000,0x00000000d6900000,0x00000000d6a00000)
 ParOldGen       total 68608K, used 54353K [0x0000000080000000, 0x0000000084300000, 0x00000000d5580000)
  object space 68608K, 79% used [0x0000000080000000,0x00000000835147f8,0x0000000084300000)
 Metaspace       used 61764K, committed 63040K, reserved 1114112K
  class space    used 7629K, committed 8192K, reserved 1048576K
}
Event: 126.623 GC heap before
{Heap before GC invocations=62 (full 3):
 PSYoungGen      total 20480K, used 20245K [0x00000000d5580000, 0x00000000d6b00000, 0x0000000100000000)
  eden space 19968K, 100% used [0x00000000d5580000,0x00000000d6900000,0x00000000d6900000)
  from space 512K, 54% used [0x00000000d6a80000,0x00000000d6ac54b8,0x00000000d6b00000)
  to   space 1024K, 0% used [0x00000000d6900000,0x00000000d6900000,0x00000000d6a00000)
 ParOldGen       total 68608K, used 54353K [0x0000000080000000, 0x0000000084300000, 0x00000000d5580000)
  object space 68608K, 79% used [0x0000000080000000,0x00000000835147f8,0x0000000084300000)
 Metaspace       used 61764K, committed 63040K, reserved 1114112K
  class space    used 7629K, committed 8192K, reserved 1048576K
}
Event: 126.624 GC heap after
{Heap after GC invocations=62 (full 3):
 PSYoungGen      total 20992K, used 1011K [0x00000000d5580000, 0x00000000d6c00000, 0x0000000100000000)
  eden space 19968K, 0% used [0x00000000d5580000,0x00000000d5580000,0x00000000d6900000)
  from space 1024K, 98% used [0x00000000d6900000,0x00000000d69fcf30,0x00000000d6a00000)
  to   space 1536K, 0% used [0x00000000d6a80000,0x00000000d6a80000,0x00000000d6c00000)
 ParOldGen       total 68608K, used 54494K [0x0000000080000000, 0x0000000084300000, 0x00000000d5580000)
  object space 68608K, 79% used [0x0000000080000000,0x0000000083537860,0x0000000084300000)
 Metaspace       used 61764K, committed 63040K, reserved 1114112K
  class space    used 7629K, committed 8192K, reserved 1048576K
}
Event: 126.748 GC heap before
{Heap before GC invocations=63 (full 3):
 PSYoungGen      total 20992K, used 20979K [0x00000000d5580000, 0x00000000d6c00000, 0x0000000100000000)
  eden space 19968K, 100% used [0x00000000d5580000,0x00000000d6900000,0x00000000d6900000)
  from space 1024K, 98% used [0x00000000d6900000,0x00000000d69fcf30,0x00000000d6a00000)
  to   space 1536K, 0% used [0x00000000d6a80000,0x00000000d6a80000,0x00000000d6c00000)
 ParOldGen       total 68608K, used 54494K [0x0000000080000000, 0x0000000084300000, 0x00000000d5580000)
  object space 68608K, 79% used [0x0000000080000000,0x0000000083537860,0x0000000084300000)
 Metaspace       used 61764K, committed 63040K, reserved 1114112K
  class space    used 7629K, committed 8192K, reserved 1048576K
}
Event: 126.749 GC heap after
{Heap after GC invocations=63 (full 3):
 PSYoungGen      total 21504K, used 1231K [0x00000000d5580000, 0x00000000d6c00000, 0x0000000100000000)
  eden space 19968K, 0% used [0x00000000d5580000,0x00000000d5580000,0x00000000d6900000)
  from space 1536K, 80% used [0x00000000d6a80000,0x00000000d6bb3d78,0x00000000d6c00000)
  to   space 1536K, 0% used [0x00000000d6900000,0x00000000d6900000,0x00000000d6a80000)
 ParOldGen       total 68608K, used 54550K [0x0000000080000000, 0x0000000084300000, 0x00000000d5580000)
  object space 68608K, 79% used [0x0000000080000000,0x0000000083545860,0x0000000084300000)
 Metaspace       used 61764K, committed 63040K, reserved 1114112K
  class space    used 7629K, committed 8192K, reserved 1048576K
}
Event: 126.864 GC heap before
{Heap before GC invocations=64 (full 3):
 PSYoungGen      total 21504K, used 21199K [0x00000000d5580000, 0x00000000d6c00000, 0x0000000100000000)
  eden space 19968K, 100% used [0x00000000d5580000,0x00000000d6900000,0x00000000d6900000)
  from space 1536K, 80% used [0x00000000d6a80000,0x00000000d6bb3d78,0x00000000d6c00000)
  to   space 1536K, 0% used [0x00000000d6900000,0x00000000d6900000,0x00000000d6a80000)
 ParOldGen       total 68608K, used 54550K [0x0000000080000000, 0x0000000084300000, 0x00000000d5580000)
  object space 68608K, 79% used [0x0000000080000000,0x0000000083545860,0x0000000084300000)
 Metaspace       used 61764K, committed 63040K, reserved 1114112K
  class space    used 7629K, committed 8192K, reserved 1048576K
}
Event: 126.866 GC heap after
{Heap after GC invocations=64 (full 3):
 PSYoungGen      total 20480K, used 330K [0x00000000d5580000, 0x00000000d6b00000, 0x0000000100000000)
  eden space 19968K, 0% used [0x00000000d5580000,0x00000000d5580000,0x00000000d6900000)
  from space 512K, 64% used [0x00000000d6900000,0x00000000d69529a0,0x00000000d6980000)
  to   space 1024K, 0% used [0x00000000d6a00000,0x00000000d6a00000,0x00000000d6b00000)
 ParOldGen       total 68608K, used 54622K [0x0000000080000000, 0x0000000084300000, 0x00000000d5580000)
  object space 68608K, 79% used [0x0000000080000000,0x0000000083557870,0x0000000084300000)
 Metaspace       used 61764K, committed 63040K, reserved 1114112K
  class space    used 7629K, committed 8192K, reserved 1048576K
}
Event: 126.967 GC heap before
{Heap before GC invocations=65 (full 3):
 PSYoungGen      total 20480K, used 20298K [0x00000000d5580000, 0x00000000d6b00000, 0x0000000100000000)
  eden space 19968K, 100% used [0x00000000d5580000,0x00000000d6900000,0x00000000d6900000)
  from space 512K, 64% used [0x00000000d6900000,0x00000000d69529a0,0x00000000d6980000)
  to   space 1024K, 0% used [0x00000000d6a00000,0x00000000d6a00000,0x00000000d6b00000)
 ParOldGen       total 68608K, used 54622K [0x0000000080000000, 0x0000000084300000, 0x00000000d5580000)
  object space 68608K, 79% used [0x0000000080000000,0x0000000083557870,0x0000000084300000)
 Metaspace       used 61764K, committed 63040K, reserved 1114112K
  class space    used 7629K, committed 8192K, reserved 1048576K
}
Event: 126.968 GC heap after
{Heap after GC invocations=65 (full 3):
 PSYoungGen      total 20992K, used 700K [0x00000000d5580000, 0x00000000d6b00000, 0x0000000100000000)
  eden space 19968K, 0% used [0x00000000d5580000,0x00000000d5580000,0x00000000d6900000)
  from space 1024K, 68% used [0x00000000d6a00000,0x00000000d6aaf0a8,0x00000000d6b00000)
  to   space 1024K, 0% used [0x00000000d6900000,0x00000000d6900000,0x00000000d6a00000)
 ParOldGen       total 68608K, used 54704K [0x0000000080000000, 0x0000000084300000, 0x00000000d5580000)
  object space 68608K, 79% used [0x0000000080000000,0x000000008356c0d8,0x0000000084300000)
 Metaspace       used 61764K, committed 63040K, reserved 1114112K
  class space    used 7629K, committed 8192K, reserved 1048576K
}
Event: 127.366 GC heap before
{Heap before GC invocations=66 (full 3):
 PSYoungGen      total 20992K, used 20668K [0x00000000d5580000, 0x00000000d6b00000, 0x0000000100000000)
  eden space 19968K, 100% used [0x00000000d5580000,0x00000000d6900000,0x00000000d6900000)
  from space 1024K, 68% used [0x00000000d6a00000,0x00000000d6aaf0a8,0x00000000d6b00000)
  to   space 1024K, 0% used [0x00000000d6900000,0x00000000d6900000,0x00000000d6a00000)
 ParOldGen       total 68608K, used 54704K [0x0000000080000000, 0x0000000084300000, 0x00000000d5580000)
  object space 68608K, 79% used [0x0000000080000000,0x000000008356c0d8,0x0000000084300000)
 Metaspace       used 63471K, committed 64832K, reserved 1114112K
  class space    used 7899K, committed 8512K, reserved 1048576K
}
Event: 127.367 GC heap after
{Heap after GC invocations=66 (full 3):
 PSYoungGen      total 20992K, used 736K [0x00000000d5580000, 0x00000000d6b00000, 0x0000000100000000)
  eden space 19968K, 0% used [0x00000000d5580000,0x00000000d5580000,0x00000000d6900000)
  from space 1024K, 71% used [0x00000000d6900000,0x00000000d69b8000,0x00000000d6a00000)
  to   space 1024K, 0% used [0x00000000d6a00000,0x00000000d6a00000,0x00000000d6b00000)
 ParOldGen       total 68608K, used 54808K [0x0000000080000000, 0x0000000084300000, 0x00000000d5580000)
  object space 68608K, 79% used [0x0000000080000000,0x00000000835860e8,0x0000000084300000)
 Metaspace       used 63471K, committed 64832K, reserved 1114112K
  class space    used 7899K, committed 8512K, reserved 1048576K
}
Event: 135.430 GC heap before
{Heap before GC invocations=67 (full 3):
 PSYoungGen      total 20992K, used 20704K [0x00000000d5580000, 0x00000000d6b00000, 0x0000000100000000)
  eden space 19968K, 100% used [0x00000000d5580000,0x00000000d6900000,0x00000000d6900000)
  from space 1024K, 71% used [0x00000000d6900000,0x00000000d69b8000,0x00000000d6a00000)
  to   space 1024K, 0% used [0x00000000d6a00000,0x00000000d6a00000,0x00000000d6b00000)
 ParOldGen       total 68608K, used 54808K [0x0000000080000000, 0x0000000084300000, 0x00000000d5580000)
  object space 68608K, 79% used [0x0000000080000000,0x00000000835860e8,0x0000000084300000)
 Metaspace       used 65346K, committed 66752K, reserved 1114112K
  class space    used 8158K, committed 8832K, reserved 1048576K
}
Event: 135.432 GC heap after
{Heap after GC invocations=67 (full 3):
 PSYoungGen      total 20992K, used 800K [0x00000000d5580000, 0x00000000d6b00000, 0x0000000100000000)
  eden space 19968K, 0% used [0x00000000d5580000,0x00000000d5580000,0x00000000d6900000)
  from space 1024K, 78% used [0x00000000d6a00000,0x00000000d6ac8010,0x00000000d6b00000)
  to   space 1024K, 0% used [0x00000000d6900000,0x00000000d6900000,0x00000000d6a00000)
 ParOldGen       total 68608K, used 55399K [0x0000000080000000, 0x0000000084300000, 0x00000000d5580000)
  object space 68608K, 80% used [0x0000000080000000,0x0000000083619df8,0x0000000084300000)
 Metaspace       used 65346K, committed 66752K, reserved 1114112K
  class space    used 8158K, committed 8832K, reserved 1048576K
}
Event: 185.737 GC heap before
{Heap before GC invocations=68 (full 3):
 PSYoungGen      total 20992K, used 20768K [0x00000000d5580000, 0x00000000d6b00000, 0x0000000100000000)
  eden space 19968K, 100% used [0x00000000d5580000,0x00000000d6900000,0x00000000d6900000)
  from space 1024K, 78% used [0x00000000d6a00000,0x00000000d6ac8010,0x00000000d6b00000)
  to   space 1024K, 0% used [0x00000000d6900000,0x00000000d6900000,0x00000000d6a00000)
 ParOldGen       total 68608K, used 55399K [0x0000000080000000, 0x0000000084300000, 0x00000000d5580000)
  object space 68608K, 80% used [0x0000000080000000,0x0000000083619df8,0x0000000084300000)
 Metaspace       used 65964K, committed 67456K, reserved 1114112K
  class space    used 8208K, committed 8896K, reserved 1048576K
}
Event: 185.835 GC heap after
{Heap after GC invocations=68 (full 3):
 PSYoungGen      total 20992K, used 544K [0x00000000d5580000, 0x00000000d6b00000, 0x0000000100000000)
  eden space 19968K, 0% used [0x00000000d5580000,0x00000000d5580000,0x00000000d6900000)
  from space 1024K, 53% used [0x00000000d6900000,0x00000000d6988000,0x00000000d6a00000)
  to   space 1024K, 0% used [0x00000000d6a00000,0x00000000d6a00000,0x00000000d6b00000)
 ParOldGen       total 68608K, used 56051K [0x0000000080000000, 0x0000000084300000, 0x00000000d5580000)
  object space 68608K, 81% used [0x0000000080000000,0x00000000836bce18,0x0000000084300000)
 Metaspace       used 65964K, committed 67456K, reserved 1114112K
  class space    used 8208K, committed 8896K, reserved 1048576K
}
Event: 187.204 GC heap before
{Heap before GC invocations=69 (full 3):
 PSYoungGen      total 20992K, used 20512K [0x00000000d5580000, 0x00000000d6b00000, 0x0000000100000000)
  eden space 19968K, 100% used [0x00000000d5580000,0x00000000d6900000,0x00000000d6900000)
  from space 1024K, 53% used [0x00000000d6900000,0x00000000d6988000,0x00000000d6a00000)
  to   space 1024K, 0% used [0x00000000d6a00000,0x00000000d6a00000,0x00000000d6b00000)
 ParOldGen       total 68608K, used 56051K [0x0000000080000000, 0x0000000084300000, 0x00000000d5580000)
  object space 68608K, 81% used [0x0000000080000000,0x00000000836bce18,0x0000000084300000)
 Metaspace       used 65964K, committed 67456K, reserved 1114112K
  class space    used 8208K, committed 8896K, reserved 1048576K
}
Event: 187.207 GC heap after
{Heap after GC invocations=69 (full 3):
 PSYoungGen      total 20480K, used 160K [0x00000000d5580000, 0x00000000d6a80000, 0x0000000100000000)
  eden space 19968K, 0% used [0x00000000d5580000,0x00000000d5580000,0x00000000d6900000)
  from space 512K, 31% used [0x00000000d6a00000,0x00000000d6a28000,0x00000000d6a80000)
  to   space 512K, 0% used [0x00000000d6980000,0x00000000d6980000,0x00000000d6a00000)
 ParOldGen       total 68608K, used 56327K [0x0000000080000000, 0x0000000084300000, 0x00000000d5580000)
  object space 68608K, 82% used [0x0000000080000000,0x0000000083701e48,0x0000000084300000)
 Metaspace       used 65964K, committed 67456K, reserved 1114112K
  class space    used 8208K, committed 8896K, reserved 1048576K
}
Event: 188.205 GC heap before
{Heap before GC invocations=70 (full 3):
 PSYoungGen      total 20480K, used 20128K [0x00000000d5580000, 0x00000000d6a80000, 0x0000000100000000)
  eden space 19968K, 100% used [0x00000000d5580000,0x00000000d6900000,0x00000000d6900000)
  from space 512K, 31% used [0x00000000d6a00000,0x00000000d6a28000,0x00000000d6a80000)
  to   space 512K, 0% used [0x00000000d6980000,0x00000000d6980000,0x00000000d6a00000)
 ParOldGen       total 68608K, used 56327K [0x0000000080000000, 0x0000000084300000, 0x00000000d5580000)
  object space 68608K, 82% used [0x0000000080000000,0x0000000083701e48,0x0000000084300000)
 Metaspace       used 65964K, committed 67456K, reserved 1114112K
  class space    used 8208K, committed 8896K, reserved 1048576K
}
Event: 188.207 GC heap after
{Heap after GC invocations=70 (full 3):
 PSYoungGen      total 20480K, used 288K [0x00000000d5580000, 0x00000000d6a80000, 0x0000000100000000)
  eden space 19968K, 0% used [0x00000000d5580000,0x00000000d5580000,0x00000000d6900000)
  from space 512K, 56% used [0x00000000d6980000,0x00000000d69c8000,0x00000000d6a00000)
  to   space 512K, 0% used [0x00000000d6a00000,0x00000000d6a00000,0x00000000d6a80000)
 ParOldGen       total 68608K, used 56335K [0x0000000080000000, 0x0000000084300000, 0x00000000d5580000)
  object space 68608K, 82% used [0x0000000080000000,0x0000000083703e48,0x0000000084300000)
 Metaspace       used 65964K, committed 67456K, reserved 1114112K
  class space    used 8208K, committed 8896K, reserved 1048576K
}

