# JRE version: Java(TM) SE Runtime Environment (20.0.2+9) (build 20.0.2+9-78)
# Java VM: Java HotSpot(TM) 64-Bit Server VM (20.0.2+9-78, mixed mode, sharing, tiered, compressed oops, compressed class ptrs, g1 gc, windows-amd64)
GC Precious Log:
 CardTable entry size: 512
 Card Set container configuration: InlinePtr #cards 5 size 8 Array Of Cards #cards 12 size 40 Howl #buckets 4 coarsen threshold 1843 Howl Bitmap #cards 512 size 80 coarsen threshold 460 Card regions per heap region 1 cards per card region 2048
 CPUs: 16 total, 16 available
 Memory: 7896M
 Large Page Support: Disabled
 NUMA Support: Disabled
 Compressed Oops: Enabled (32-bit)
 Heap Region Size: 1M
 Heap Min Capacity: 8M
 Heap Initial Capacity: 124M
 Heap Max Capacity: 2G
 Pre-touch: Disabled
 Parallel Workers: 13
 Concurrent Workers: 3
 Concurrent Refinement Workers: 13
 Periodic GC: Disabled
Heap:
 garbage-first heap   total 124928K, used 103736K [0x0000000080000000, 0x0000000100000000)
  region size 1024K, 30 young (30720K), 3 survivors (3072K)
 Metaspace       used 69561K, committed 71680K, reserved 1114112K
  class space    used 9493K, committed 10560K, reserved 1048576K
GC Heap History (20 events):
Event: 12.133 GC heap before
{Heap before GC invocations=12 (full 0):
 garbage-first heap   total 116736K, used 99024K [0x0000000080000000, 0x0000000100000000)
  region size 1024K, 66 young (67584K), 6 survivors (6144K)
 Metaspace       used 52798K, committed 54528K, reserved 1114112K
  class space    used 7415K, committed 8320K, reserved 1048576K
}
Event: 12.140 GC heap after
{Heap after GC invocations=13 (full 0):
 garbage-first heap   total 116736K, used 41929K [0x0000000080000000, 0x0000000100000000)
  region size 1024K, 8 young (8192K), 8 survivors (8192K)
 Metaspace       used 52798K, committed 54528K, reserved 1114112K
  class space    used 7415K, committed 8320K, reserved 1048576K
}
Event: 16.802 GC heap before
{Heap before GC invocations=13 (full 0):
 garbage-first heap   total 116736K, used 100297K [0x0000000080000000, 0x0000000100000000)
  region size 1024K, 65 young (66560K), 8 survivors (8192K)
 Metaspace       used 57080K, committed 58880K, reserved 1114112K
  class space    used 7995K, committed 8896K, reserved 1048576K
}
Event: 16.817 GC heap after
{Heap after GC invocations=14 (full 0):
 garbage-first heap   total 116736K, used 46524K [0x0000000080000000, 0x0000000100000000)
  region size 1024K, 9 young (9216K), 9 survivors (9216K)
 Metaspace       used 57080K, committed 58880K, reserved 1114112K
  class space    used 7995K, committed 8896K, reserved 1048576K
}
Event: 20.635 GC heap before
{Heap before GC invocations=14 (full 0):
 garbage-first heap   total 116736K, used 98748K [0x0000000080000000, 0x0000000100000000)
  region size 1024K, 61 young (62464K), 9 survivors (9216K)
 Metaspace       used 58000K, committed 59840K, reserved 1114112K
  class space    used 8093K, committed 9024K, reserved 1048576K
}
Event: 20.651 GC heap after
{Heap after GC invocations=15 (full 0):
 garbage-first heap   total 116736K, used 49495K [0x0000000080000000, 0x0000000100000000)
  region size 1024K, 5 young (5120K), 5 survivors (5120K)
 Metaspace       used 58000K, committed 59840K, reserved 1114112K
  class space    used 8093K, committed 9024K, reserved 1048576K
}
Event: 21.480 GC heap before
{Heap before GC invocations=15 (full 0):
 garbage-first heap   total 116736K, used 101719K [0x0000000080000000, 0x0000000100000000)
  region size 1024K, 57 young (58368K), 5 survivors (5120K)
 Metaspace       used 58123K, committed 59968K, reserved 1114112K
  class space    used 8093K, committed 9024K, reserved 1048576K
}
Event: 21.486 GC heap after
{Heap after GC invocations=16 (full 0):
 garbage-first heap   total 116736K, used 50673K [0x0000000080000000, 0x0000000100000000)
  region size 1024K, 6 young (6144K), 6 survivors (6144K)
 Metaspace       used 58123K, committed 59968K, reserved 1114112K
  class space    used 8093K, committed 9024K, reserved 1048576K
}
Event: 22.351 GC heap before
{Heap before GC invocations=16 (full 0):
 garbage-first heap   total 116736K, used 101873K [0x0000000080000000, 0x0000000100000000)
  region size 1024K, 57 young (58368K), 6 survivors (6144K)
 Metaspace       used 58134K, committed 59968K, reserved 1114112K
  class space    used 8094K, committed 9024K, reserved 1048576K
}
Event: 22.359 GC heap after
{Heap after GC invocations=17 (full 0):
 garbage-first heap   total 116736K, used 52221K [0x0000000080000000, 0x0000000100000000)
  region size 1024K, 6 young (6144K), 6 survivors (6144K)
 Metaspace       used 58134K, committed 59968K, reserved 1114112K
  class space    used 8094K, committed 9024K, reserved 1048576K
}
Event: 23.313 GC heap before
{Heap before GC invocations=17 (full 0):
 garbage-first heap   total 116736K, used 80893K [0x0000000080000000, 0x0000000100000000)
  region size 1024K, 32 young (32768K), 6 survivors (6144K)
 Metaspace       used 58809K, committed 60608K, reserved 1114112K
  class space    used 8178K, committed 9088K, reserved 1048576K
}
Event: 23.320 GC heap after
{Heap after GC invocations=18 (full 0):
 garbage-first heap   total 116736K, used 58732K [0x0000000080000000, 0x0000000100000000)
  region size 1024K, 7 young (7168K), 7 survivors (7168K)
 Metaspace       used 58809K, committed 60608K, reserved 1114112K
  class space    used 8178K, committed 9088K, reserved 1048576K
}
Event: 23.341 GC heap before
{Heap before GC invocations=18 (full 0):
 garbage-first heap   total 116736K, used 60780K [0x0000000080000000, 0x0000000100000000)
  region size 1024K, 8 young (8192K), 7 survivors (7168K)
 Metaspace       used 58810K, committed 60608K, reserved 1114112K
  class space    used 8178K, committed 9088K, reserved 1048576K
}
Event: 23.345 GC heap after
{Heap after GC invocations=19 (full 0):
 garbage-first heap   total 116736K, used 60656K [0x0000000080000000, 0x0000000100000000)
  region size 1024K, 4 young (4096K), 4 survivors (4096K)
 Metaspace       used 58810K, committed 60608K, reserved 1114112K
  class space    used 8178K, committed 9088K, reserved 1048576K
}
Event: 24.783 GC heap before
{Heap before GC invocations=20 (full 0):
 garbage-first heap   total 116736K, used 103664K [0x0000000080000000, 0x0000000100000000)
  region size 1024K, 42 young (43008K), 4 survivors (4096K)
 Metaspace       used 61132K, committed 62976K, reserved 1114112K
  class space    used 8454K, committed 9408K, reserved 1048576K
}
Event: 24.787 GC heap after
{Heap after GC invocations=21 (full 0):
 garbage-first heap   total 116736K, used 70534K [0x0000000080000000, 0x0000000100000000)
  region size 1024K, 6 young (6144K), 6 survivors (6144K)
 Metaspace       used 61132K, committed 62976K, reserved 1114112K
  class space    used 8454K, committed 9408K, reserved 1048576K
}
Event: 25.491 GC heap before
{Heap before GC invocations=21 (full 0):
 garbage-first heap   total 116736K, used 102278K [0x0000000080000000, 0x0000000100000000)
  region size 1024K, 38 young (38912K), 6 survivors (6144K)
 Metaspace       used 64449K, committed 66368K, reserved 1114112K
  class space    used 8769K, committed 9728K, reserved 1048576K
}
Event: 25.499 GC heap after
{Heap after GC invocations=22 (full 0):
 garbage-first heap   total 116736K, used 70921K [0x0000000080000000, 0x0000000100000000)
  region size 1024K, 2 young (2048K), 2 survivors (2048K)
 Metaspace       used 64449K, committed 66368K, reserved 1114112K
  class space    used 8769K, committed 9728K, reserved 1048576K
}
Event: 28.071 GC heap before
{Heap before GC invocations=22 (full 0):
 garbage-first heap   total 116736K, used 103689K [0x0000000080000000, 0x0000000100000000)
  region size 1024K, 34 young (34816K), 2 survivors (2048K)
 Metaspace       used 67745K, committed 69824K, reserved 1114112K
  class space    used 9243K, committed 10304K, reserved 1048576K
}
Event: 28.074 GC heap after
{Heap after GC invocations=23 (full 0):
 garbage-first heap   total 116736K, used 71992K [0x0000000080000000, 0x0000000100000000)
  region size 1024K, 3 young (3072K), 3 survivors (3072K)
 Metaspace       used 67745K, committed 69824K, reserved 1114112K
  class space    used 9243K, committed 10304K, reserved 1048576K
}

